D:\VISUAL STUDIO 2012\PROJECTS\ZUC-256\ZUC-256\DEBUG\MAIN.OBJ
D:\VISUAL STUDIO 2012\PROJECTS\ZUC-256\ZUC-256\DEBUG\VC110.PDB
D:\VISUAL STUDIO 2012\PROJECTS\ZUC-256\DEBUG\ZUC-256.ILK
D:\VISUAL STUDIO 2012\PROJECTS\ZUC-256\DEBUG\ZUC-256.EXE
D:\VISUAL STUDIO 2012\PROJECTS\ZUC-256\DEBUG\ZUC-256.PDB
D:\Visual Studio 2012\Projects\ZUC-256\ZUC-256\Debug\main.obj
D:\Visual Studio 2012\Projects\ZUC-256\ZUC-256\Debug\cl.command.1.tlog
D:\Visual Studio 2012\Projects\ZUC-256\ZUC-256\Debug\CL.read.1.tlog
D:\Visual Studio 2012\Projects\ZUC-256\ZUC-256\Debug\CL.write.1.tlog
D:\Visual Studio 2012\Projects\ZUC-256\ZUC-256\Debug\link-cvtres.read.1.tlog
D:\Visual Studio 2012\Projects\ZUC-256\ZUC-256\Debug\link-cvtres.write.1.tlog
D:\Visual Studio 2012\Projects\ZUC-256\ZUC-256\Debug\link-rc.read.1.tlog
D:\Visual Studio 2012\Projects\ZUC-256\ZUC-256\Debug\link-rc.write.1.tlog
D:\Visual Studio 2012\Projects\ZUC-256\ZUC-256\Debug\link.10324-cvtres.read.1.tlog
D:\Visual Studio 2012\Projects\ZUC-256\ZUC-256\Debug\link.10324-cvtres.write.1.tlog
D:\Visual Studio 2012\Projects\ZUC-256\ZUC-256\Debug\link.10324-rc.read.1.tlog
D:\Visual Studio 2012\Projects\ZUC-256\ZUC-256\Debug\link.10324-rc.write.1.tlog
D:\Visual Studio 2012\Projects\ZUC-256\ZUC-256\Debug\link.10324.read.1.tlog
D:\Visual Studio 2012\Projects\ZUC-256\ZUC-256\Debug\link.10324.write.1.tlog
D:\Visual Studio 2012\Projects\ZUC-256\ZUC-256\Debug\link.13944-cvtres.read.1.tlog
D:\Visual Studio 2012\Projects\ZUC-256\ZUC-256\Debug\link.13944-cvtres.write.1.tlog
D:\Visual Studio 2012\Projects\ZUC-256\ZUC-256\Debug\link.13944-rc.read.1.tlog
D:\Visual Studio 2012\Projects\ZUC-256\ZUC-256\Debug\link.13944-rc.write.1.tlog
D:\Visual Studio 2012\Projects\ZUC-256\ZUC-256\Debug\link.13944.read.1.tlog
D:\Visual Studio 2012\Projects\ZUC-256\ZUC-256\Debug\link.13944.write.1.tlog
D:\Visual Studio 2012\Projects\ZUC-256\ZUC-256\Debug\link.16336-cvtres.read.1.tlog
D:\Visual Studio 2012\Projects\ZUC-256\ZUC-256\Debug\link.16336-cvtres.write.1.tlog
D:\Visual Studio 2012\Projects\ZUC-256\ZUC-256\Debug\link.16336-rc.read.1.tlog
D:\Visual Studio 2012\Projects\ZUC-256\ZUC-256\Debug\link.16336-rc.write.1.tlog
D:\Visual Studio 2012\Projects\ZUC-256\ZUC-256\Debug\link.16336.read.1.tlog
D:\Visual Studio 2012\Projects\ZUC-256\ZUC-256\Debug\link.16336.write.1.tlog
D:\Visual Studio 2012\Projects\ZUC-256\ZUC-256\Debug\link.17268-cvtres.read.1.tlog
D:\Visual Studio 2012\Projects\ZUC-256\ZUC-256\Debug\link.17268-cvtres.write.1.tlog
D:\Visual Studio 2012\Projects\ZUC-256\ZUC-256\Debug\link.17268-rc.read.1.tlog
D:\Visual Studio 2012\Projects\ZUC-256\ZUC-256\Debug\link.17268-rc.write.1.tlog
D:\Visual Studio 2012\Projects\ZUC-256\ZUC-256\Debug\link.17268.read.1.tlog
D:\Visual Studio 2012\Projects\ZUC-256\ZUC-256\Debug\link.17268.write.1.tlog
D:\Visual Studio 2012\Projects\ZUC-256\ZUC-256\Debug\link.19500-cvtres.read.1.tlog
D:\Visual Studio 2012\Projects\ZUC-256\ZUC-256\Debug\link.19500-cvtres.write.1.tlog
D:\Visual Studio 2012\Projects\ZUC-256\ZUC-256\Debug\link.19500-rc.read.1.tlog
D:\Visual Studio 2012\Projects\ZUC-256\ZUC-256\Debug\link.19500-rc.write.1.tlog
D:\Visual Studio 2012\Projects\ZUC-256\ZUC-256\Debug\link.19500.read.1.tlog
D:\Visual Studio 2012\Projects\ZUC-256\ZUC-256\Debug\link.19500.write.1.tlog
D:\Visual Studio 2012\Projects\ZUC-256\ZUC-256\Debug\link.19760-cvtres.read.1.tlog
D:\Visual Studio 2012\Projects\ZUC-256\ZUC-256\Debug\link.19760-cvtres.write.1.tlog
D:\Visual Studio 2012\Projects\ZUC-256\ZUC-256\Debug\link.19760-rc.read.1.tlog
D:\Visual Studio 2012\Projects\ZUC-256\ZUC-256\Debug\link.19760-rc.write.1.tlog
D:\Visual Studio 2012\Projects\ZUC-256\ZUC-256\Debug\link.19760.read.1.tlog
D:\Visual Studio 2012\Projects\ZUC-256\ZUC-256\Debug\link.19760.write.1.tlog
D:\Visual Studio 2012\Projects\ZUC-256\ZUC-256\Debug\link.19800-cvtres.read.1.tlog
D:\Visual Studio 2012\Projects\ZUC-256\ZUC-256\Debug\link.19800-cvtres.write.1.tlog
D:\Visual Studio 2012\Projects\ZUC-256\ZUC-256\Debug\link.19800-rc.read.1.tlog
D:\Visual Studio 2012\Projects\ZUC-256\ZUC-256\Debug\link.19800-rc.write.1.tlog
D:\Visual Studio 2012\Projects\ZUC-256\ZUC-256\Debug\link.19800.read.1.tlog
D:\Visual Studio 2012\Projects\ZUC-256\ZUC-256\Debug\link.19800.write.1.tlog
D:\Visual Studio 2012\Projects\ZUC-256\ZUC-256\Debug\link.20036-cvtres.read.1.tlog
D:\Visual Studio 2012\Projects\ZUC-256\ZUC-256\Debug\link.20036-cvtres.write.1.tlog
D:\Visual Studio 2012\Projects\ZUC-256\ZUC-256\Debug\link.20036-rc.read.1.tlog
D:\Visual Studio 2012\Projects\ZUC-256\ZUC-256\Debug\link.20036-rc.write.1.tlog
D:\Visual Studio 2012\Projects\ZUC-256\ZUC-256\Debug\link.20036.read.1.tlog
D:\Visual Studio 2012\Projects\ZUC-256\ZUC-256\Debug\link.20036.write.1.tlog
D:\Visual Studio 2012\Projects\ZUC-256\ZUC-256\Debug\link.20244-cvtres.read.1.tlog
D:\Visual Studio 2012\Projects\ZUC-256\ZUC-256\Debug\link.20244-cvtres.write.1.tlog
D:\Visual Studio 2012\Projects\ZUC-256\ZUC-256\Debug\link.20244-rc.read.1.tlog
D:\Visual Studio 2012\Projects\ZUC-256\ZUC-256\Debug\link.20244-rc.write.1.tlog
D:\Visual Studio 2012\Projects\ZUC-256\ZUC-256\Debug\link.20244.read.1.tlog
D:\Visual Studio 2012\Projects\ZUC-256\ZUC-256\Debug\link.20244.write.1.tlog
D:\Visual Studio 2012\Projects\ZUC-256\ZUC-256\Debug\link.8588-cvtres.read.1.tlog
D:\Visual Studio 2012\Projects\ZUC-256\ZUC-256\Debug\link.8588-cvtres.write.1.tlog
D:\Visual Studio 2012\Projects\ZUC-256\ZUC-256\Debug\link.8588-rc.read.1.tlog
D:\Visual Studio 2012\Projects\ZUC-256\ZUC-256\Debug\link.8588-rc.write.1.tlog
D:\Visual Studio 2012\Projects\ZUC-256\ZUC-256\Debug\link.8588.read.1.tlog
D:\Visual Studio 2012\Projects\ZUC-256\ZUC-256\Debug\link.8588.write.1.tlog
D:\Visual Studio 2012\Projects\ZUC-256\ZUC-256\Debug\link.command.1.tlog
D:\Visual Studio 2012\Projects\ZUC-256\ZUC-256\Debug\link.read.1.tlog
D:\Visual Studio 2012\Projects\ZUC-256\ZUC-256\Debug\link.write.1.tlog
D:\Visual Studio 2012\Projects\ZUC-256\ZUC-256\Debug\vc110.idb
D:\Visual Studio 2012\Projects\ZUC-256\ZUC-256\Debug\vc110.pdb
D:\Visual Studio 2012\Projects\ZUC-256\Debug\ZUC-256.pdb
D:\Visual Studio 2012\Projects\ZUC-256\Debug\ZUC-256.exe
D:\Visual Studio 2012\Projects\ZUC-256\Debug\ZUC-256.ilk
